\BOOKMARK [1][-]{section.1}{Introducci\363}{}% 1
\BOOKMARK [1][-]{section.2}{Disseny d'Interacci\363 i Avaluaci\363}{}% 2
\BOOKMARK [2][-]{subsection.2.1}{Fonaments de la interacci\363 b\340sica a l'interf\355cie d'usuari}{section.2}% 3
\BOOKMARK [3][-]{subsubsection.2.1.1}{Teor\355a de la informaci\363}{subsection.2.1}% 4
\BOOKMARK [3][-]{subsubsection.2.1.2}{Llei de Hick-Hyman}{subsection.2.1}% 5
\BOOKMARK [3][-]{subsubsection.2.1.3}{Llei de Fitts}{subsection.2.1}% 6
\BOOKMARK [3][-]{subsubsection.2.1.4}{Lleis de creuament i direcci\363 \(Crossing and Steering: Continuous Gestures\)}{subsection.2.1}% 7
\BOOKMARK [2][-]{subsection.2.2}{Llei de Fitts al disseny d'interf\355cies d'usuari}{section.2}% 8
\BOOKMARK [2][-]{subsection.2.3}{Dispositius apuntadors}{section.2}% 9
\BOOKMARK [3][-]{subsubsection.2.3.1}{Dispositius de control directe}{subsection.2.3}% 10
\BOOKMARK [3][-]{subsubsection.2.3.2}{Dispositius de control indirecte}{subsection.2.3}% 11
\BOOKMARK [2][-]{subsection.2.4}{Mecanografia i teclats}{section.2}% 12
\BOOKMARK [1][-]{section.3}{Tests d'Usabilitat}{}% 13
\BOOKMARK [2][-]{subsection.3.1}{Conceptes}{section.3}% 14
\BOOKMARK [2][-]{subsection.3.2}{Tests d'usabilitat}{section.3}% 15
\BOOKMARK [2][-]{subsection.3.3}{Tests formals d'usabilitat}{section.3}% 16
\BOOKMARK [3][-]{subsubsection.3.3.1}{Ambient}{subsection.3.3}% 17
\BOOKMARK [3][-]{subsubsection.3.3.2}{Tasques i rols}{subsection.3.3}% 18
\BOOKMARK [2][-]{subsection.3.4}{Tests simplificats d'usabilitat}{section.3}% 19
\BOOKMARK [3][-]{subsubsection.3.4.1}{Test d'usabilitat Guerrilla}{subsection.3.4}% 20
\BOOKMARK [3][-]{subsubsection.3.4.2}{Usability testing on 10 cents a day}{subsection.3.4}% 21
\BOOKMARK [3][-]{subsubsection.3.4.3}{Testing remot}{subsection.3.4}% 22
\BOOKMARK [3][-]{subsubsection.3.4.4}{Avaluaci\363 heur\355stica}{subsection.3.4}% 23
\BOOKMARK [2][-]{subsection.3.5}{Casos d'\372s}{section.3}% 24
\BOOKMARK [1][-]{section.4}{Gr\340fiques per a la representaci\363 d'informaci\363 \(Tema extra\)}{}% 25
